<?xml version="1.0" encoding="UTF-8"?>
<testsuite xmlns:xsi="http://www.w3.org/2001/XMLSchema-instance" xsi:noNamespaceSchemaLocation="https://maven.apache.org/surefire/maven-surefire-plugin/xsd/surefire-test-report-3.0.xsd" version="3.0" name="problema01.CheckoutServiceTest" time="0.051" tests="13" errors="0" skipped="0" failures="0">
  <properties>
[...]
</properties>
  <testcase name="deveAplicarDescontoGoldEPrimeiraCompra" classname="problema01.CheckoutServiceTest" time="0.007"/>
  <testcase name="deveLancarErroParaQuantidadeZero" classname="problema01.CheckoutServiceTest" time="0.005"/>
  <testcase name="naoDeveDarDescontoPrimeiraCompraSeSubtotalMenorQue50" classname="problema01.CheckoutServiceTest" time="0.002"/>
  <testcase name="deveAplicarTetoDe30PorCentoDeDesconto" classname="problema01.CheckoutServiceTest" time="0.002"/>
  <testcase name="deveLancarErroParaPesoNegativo" classname="problema01.CheckoutServiceTest" time="0.002"/>
  <testcase name="deveLancarErroParaPrecoNegativo" classname="problema01.CheckoutServiceTest" time="0.003"/>
  <testcase name="deveIgnorarCupomDESC20Expirado" classname="problema01.CheckoutServiceTest" time="0.001"/>
  <testcase name="deveDarFreteGratisPorSubtotalMaiorQue300" classname="problema01.CheckoutServiceTest" time="0.001"/>
  <testcase name="deveAplicarCupomDESC20Valido" classname="problema01.CheckoutServiceTest" time="0.001"/>
  <testcase name="deveCalcularFretePorRegiaoENorte" classname="problema01.CheckoutServiceTest" time="0.001"/>
  <testcase name="deveAplicarCupomFreteGratisComPesoPermitido" classname="problema01.CheckoutServiceTest" time="0.001"/>
  <testcase name="naoDeveAplicarFreteGratisPorPesoExcedido" classname="problema01.CheckoutServiceTest" time="0.001"/>
  <testcase name="deveAplicarCupomDESC10" classname="problema01.CheckoutServiceTest" time="0.001"/>
</testsuite>